<?xml version="1.0" encoding="UTF-8"?>
<!-- Generated by org.testng.reporters.JUnitReportReporter -->
<testsuite hostname="DESKTOP-6PO312O" failures="0" tests="1" name="testcases.OpenBrowserAndURL" time="21.446" errors="0" timestamp="2023-08-29T14:06:01 IST" skipped="0">
  <testcase classname="testcases.OpenBrowserAndURL" name="openBrowserAndURL" time="21.446"/>
  <system-out/>
</testsuite> <!-- testcases.OpenBrowserAndURL -->
